<?xml version="1.0" encoding="UTF-8"?>
<testng-results skipped="0" failed="2" ignored="0" total="5" passed="3">
  <reporter-output>
    <line>
      <![CDATA[<a href='C:\Users\abhinay.sutrakar\Desktop\uiFramework\src\main\resources\screenShots\firstScreen18_09_2019_12_21_35.png'><img src='C:\Users\abhinay.sutrakar\Desktop\uiFramework\src\main\resources\screenShots\firstScreen18_09_2019_12_21_35.png'height='100' width='100'/></a>]]>
    </line>
    <line>
      <![CDATA[<a href='C:\Users\abhinay.sutrakar\Desktop\uiFramework\src\main\resources\screenShots\firstScreen18_09_2019_12_21_39.png'><img src='C:\Users\abhinay.sutrakar\Desktop\uiFramework\src\main\resources\screenShots\firstScreen18_09_2019_12_21_39.png'height='100' width='100'/></a>]]>
    </line>
    <line>
      <![CDATA[<a href='C:\Users\abhinay.sutrakar\Desktop\uiFramework\src\main\resources\screenShots\firstScreen18_09_2019_12_21_40.png'><img src='C:\Users\abhinay.sutrakar\Desktop\uiFramework\src\main\resources\screenShots\firstScreen18_09_2019_12_21_40.png'height='100' width='100'/></a>]]>
    </line>
  </reporter-output>
  <suite name="Default suite" duration-ms="239736" started-at="2019-09-17T18:51:03Z" finished-at="2019-09-17T18:55:03Z">
    <groups>
    </groups>
    <test name="Default test" duration-ms="239736" started-at="2019-09-17T18:51:03Z" finished-at="2019-09-17T18:55:03Z">
      <class name="com.uiFramework.abscompany.automation.testScripts.FoodCompanyAssignment">
        <test-method status="PASS" signature="beforeSuite()[pri:0, instance:com.uiFramework.abscompany.automation.testScripts.FoodCompanyAssignment@6e0e048a]" name="beforeSuite" is-config="true" duration-ms="230" started-at="2019-09-17T18:51:03Z" finished-at="2019-09-17T18:51:03Z">
          <reporter-output>
          </reporter-output>
        </test-method> <!-- beforeSuite -->
        <test-method status="PASS" signature="beforeTest()[pri:0, instance:com.uiFramework.abscompany.automation.testScripts.FoodCompanyAssignment@6e0e048a]" name="beforeTest" is-config="true" duration-ms="6872" started-at="2019-09-17T18:51:03Z" finished-at="2019-09-17T18:51:10Z">
          <reporter-output>
          </reporter-output>
        </test-method> <!-- beforeTest -->
        <test-method status="PASS" signature="beforeClass()[pri:0, instance:com.uiFramework.abscompany.automation.testScripts.FoodCompanyAssignment@6e0e048a]" name="beforeClass" is-config="true" duration-ms="5" started-at="2019-09-17T18:51:10Z" finished-at="2019-09-17T18:51:10Z">
          <reporter-output>
          </reporter-output>
        </test-method> <!-- beforeClass -->
        <test-method status="PASS" signature="beforeMethod(java.lang.reflect.Method)[pri:0, instance:com.uiFramework.abscompany.automation.testScripts.FoodCompanyAssignment@6e0e048a]" name="beforeMethod" is-config="true" duration-ms="17" started-at="2019-09-17T18:51:10Z" finished-at="2019-09-17T18:51:10Z">
          <params>
            <param index="0">
              <value>
                <![CDATA[public void com.uiFramework.abscompany.automation.testScripts.FoodCompanyAssignment.login()]]>
              </value>
            </param>
          </params>
          <reporter-output>
          </reporter-output>
        </test-method> <!-- beforeMethod -->
        <test-method status="PASS" signature="login()[pri:1, instance:com.uiFramework.abscompany.automation.testScripts.FoodCompanyAssignment@6e0e048a]" name="login" duration-ms="28762" started-at="2019-09-17T18:51:10Z" finished-at="2019-09-17T18:51:39Z">
          <reporter-output>
            <line>
              <![CDATA[<a href='C:\Users\abhinay.sutrakar\Desktop\uiFramework\src\main\resources\screenShots\firstScreen18_09_2019_12_21_35.png'><img src='C:\Users\abhinay.sutrakar\Desktop\uiFramework\src\main\resources\screenShots\firstScreen18_09_2019_12_21_35.png'height='100' width='100'/></a>]]>
            </line>
          </reporter-output>
        </test-method> <!-- login -->
        <test-method status="PASS" signature="afterMethod(org.testng.ITestResult)[pri:0, instance:com.uiFramework.abscompany.automation.testScripts.FoodCompanyAssignment@6e0e048a]" name="afterMethod" is-config="true" duration-ms="378" started-at="2019-09-17T18:51:39Z" finished-at="2019-09-17T18:51:39Z">
          <params>
            <param index="0">
              <value>
                <![CDATA[[TestResult name=login status=SUCCESS method=FoodCompanyAssignment.login()[pri:1, instance:com.uiFramework.abscompany.automation.testScripts.FoodCompanyAssignment@6e0e048a] output=<a href='C:\Users\abhinay.sutrakar\Desktop\uiFramework\src\main\resources\screenShots\firstScreen18_09_2019_12_21_35.png'><img src='C:\Users\abhinay.sutrakar\Desktop\uiFramework\src\main\resources\screenShots\firstScreen18_09_2019_12_21_35.png'height='100' width='100'/></a>]]]>
              </value>
            </param>
          </params>
          <reporter-output>
          </reporter-output>
        </test-method> <!-- afterMethod -->
        <test-method status="PASS" signature="beforeMethod(java.lang.reflect.Method)[pri:0, instance:com.uiFramework.abscompany.automation.testScripts.FoodCompanyAssignment@6e0e048a]" name="beforeMethod" is-config="true" duration-ms="0" started-at="2019-09-17T18:51:39Z" finished-at="2019-09-17T18:51:39Z">
          <params>
            <param index="0">
              <value>
                <![CDATA[public void com.uiFramework.abscompany.automation.testScripts.FoodCompanyAssignment.enterAddress()]]>
              </value>
            </param>
          </params>
          <reporter-output>
          </reporter-output>
        </test-method> <!-- beforeMethod -->
        <test-method status="PASS" signature="enterAddress()[pri:2, instance:com.uiFramework.abscompany.automation.testScripts.FoodCompanyAssignment@6e0e048a]" name="enterAddress" duration-ms="879" started-at="2019-09-17T18:51:39Z" finished-at="2019-09-17T18:51:40Z">
          <reporter-output>
            <line>
              <![CDATA[<a href='C:\Users\abhinay.sutrakar\Desktop\uiFramework\src\main\resources\screenShots\firstScreen18_09_2019_12_21_39.png'><img src='C:\Users\abhinay.sutrakar\Desktop\uiFramework\src\main\resources\screenShots\firstScreen18_09_2019_12_21_39.png'height='100' width='100'/></a>]]>
            </line>
          </reporter-output>
        </test-method> <!-- enterAddress -->
        <test-method status="PASS" signature="afterMethod(org.testng.ITestResult)[pri:0, instance:com.uiFramework.abscompany.automation.testScripts.FoodCompanyAssignment@6e0e048a]" name="afterMethod" is-config="true" duration-ms="63" started-at="2019-09-17T18:51:40Z" finished-at="2019-09-17T18:51:40Z">
          <params>
            <param index="0">
              <value>
                <![CDATA[[TestResult name=enterAddress status=SUCCESS method=FoodCompanyAssignment.enterAddress()[pri:2, instance:com.uiFramework.abscompany.automation.testScripts.FoodCompanyAssignment@6e0e048a] output=<a href='C:\Users\abhinay.sutrakar\Desktop\uiFramework\src\main\resources\screenShots\firstScreen18_09_2019_12_21_39.png'><img src='C:\Users\abhinay.sutrakar\Desktop\uiFramework\src\main\resources\screenShots\firstScreen18_09_2019_12_21_39.png'height='100' width='100'/></a>]]]>
              </value>
            </param>
          </params>
          <reporter-output>
          </reporter-output>
        </test-method> <!-- afterMethod -->
        <test-method status="PASS" signature="submitaddress()[pri:3, instance:com.uiFramework.abscompany.automation.testScripts.FoodCompanyAssignment@6e0e048a]" name="submitaddress" duration-ms="744" started-at="2019-09-17T18:51:40Z" finished-at="2019-09-17T18:51:41Z">
          <reporter-output>
            <line>
              <![CDATA[<a href='C:\Users\abhinay.sutrakar\Desktop\uiFramework\src\main\resources\screenShots\firstScreen18_09_2019_12_21_40.png'><img src='C:\Users\abhinay.sutrakar\Desktop\uiFramework\src\main\resources\screenShots\firstScreen18_09_2019_12_21_40.png'height='100' width='100'/></a>]]>
            </line>
          </reporter-output>
        </test-method> <!-- submitaddress -->
        <test-method status="PASS" signature="beforeMethod(java.lang.reflect.Method)[pri:0, instance:com.uiFramework.abscompany.automation.testScripts.FoodCompanyAssignment@6e0e048a]" name="beforeMethod" is-config="true" duration-ms="0" started-at="2019-09-17T18:51:40Z" finished-at="2019-09-17T18:51:40Z">
          <params>
            <param index="0">
              <value>
                <![CDATA[public void com.uiFramework.abscompany.automation.testScripts.FoodCompanyAssignment.submitaddress()]]>
              </value>
            </param>
          </params>
          <reporter-output>
          </reporter-output>
        </test-method> <!-- beforeMethod -->
        <test-method status="PASS" signature="afterMethod(org.testng.ITestResult)[pri:0, instance:com.uiFramework.abscompany.automation.testScripts.FoodCompanyAssignment@6e0e048a]" name="afterMethod" is-config="true" duration-ms="34" started-at="2019-09-17T18:51:41Z" finished-at="2019-09-17T18:51:41Z">
          <params>
            <param index="0">
              <value>
                <![CDATA[[TestResult name=submitaddress status=SUCCESS method=FoodCompanyAssignment.submitaddress()[pri:3, instance:com.uiFramework.abscompany.automation.testScripts.FoodCompanyAssignment@6e0e048a] output=<a href='C:\Users\abhinay.sutrakar\Desktop\uiFramework\src\main\resources\screenShots\firstScreen18_09_2019_12_21_40.png'><img src='C:\Users\abhinay.sutrakar\Desktop\uiFramework\src\main\resources\screenShots\firstScreen18_09_2019_12_21_40.png'height='100' width='100'/></a>]]]>
              </value>
            </param>
          </params>
          <reporter-output>
          </reporter-output>
        </test-method> <!-- afterMethod -->
        <test-method status="PASS" signature="beforeMethod(java.lang.reflect.Method)[pri:0, instance:com.uiFramework.abscompany.automation.testScripts.FoodCompanyAssignment@6e0e048a]" name="beforeMethod" is-config="true" duration-ms="0" started-at="2019-09-17T18:51:41Z" finished-at="2019-09-17T18:51:41Z">
          <params>
            <param index="0">
              <value>
                <![CDATA[public void com.uiFramework.abscompany.automation.testScripts.FoodCompanyAssignment.additem()]]>
              </value>
            </param>
          </params>
          <reporter-output>
          </reporter-output>
        </test-method> <!-- beforeMethod -->
        <test-method status="FAIL" signature="additem()[pri:4, instance:com.uiFramework.abscompany.automation.testScripts.FoodCompanyAssignment@6e0e048a]" name="additem" duration-ms="1776" started-at="2019-09-17T18:51:41Z" finished-at="2019-09-17T18:51:43Z">
          <exception class="org.openqa.selenium.ElementClickInterceptedException">
            <message>
              <![CDATA[element click intercepted: Element <a class="product--title" title="Cheesy Pork Burrito" style="min-height: 42px;">...</a> is not clickable at point (140, 545). Other element would receive the click: <div id="cookie-policy" class="hidden" style="display: block;">...</div>
  (Session info: chrome=77.0.3865.75)
Build info: version: '3.14.0', revision: 'aacccce0', time: '2018-08-02T20:19:58.91Z'
System info: host: 'P5LAP-77PTMF2', ip: '192.168.2.5', os.name: 'Windows 10', os.arch: 'amd64', os.version: '10.0', java.version: '1.8.0_211'
Driver info: org.openqa.selenium.chrome.ChromeDriver
Capabilities {acceptInsecureCerts: false, browserName: chrome, browserVersion: 77.0.3865.75, chrome: {chromedriverVersion: 77.0.3865.10 (bc3579f611bbc..., userDataDir: C:\Users\ABHINA~1.SUT\AppDa...}, goog:chromeOptions: {debuggerAddress: localhost:52234}, javascriptEnabled: true, networkConnectionEnabled: false, pageLoadStrategy: normal, platform: XP, platformName: XP, proxy: Proxy(), setWindowRect: true, strictFileInteractability: false, timeouts: {implicit: 0, pageLoad: 300000, script: 30000}, unhandledPromptBehavior: dismiss and notify}
Session ID: 4cb6e058a333debaa934beb62bfbb48d]]>
            </message>
            <full-stacktrace>
              <![CDATA[org.openqa.selenium.ElementClickInterceptedException: element click intercepted: Element <a class="product--title" title="Cheesy Pork Burrito" style="min-height: 42px;">...</a> is not clickable at point (140, 545). Other element would receive the click: <div id="cookie-policy" class="hidden" style="display: block;">...</div>
  (Session info: chrome=77.0.3865.75)
Build info: version: '3.14.0', revision: 'aacccce0', time: '2018-08-02T20:19:58.91Z'
System info: host: 'P5LAP-77PTMF2', ip: '192.168.2.5', os.name: 'Windows 10', os.arch: 'amd64', os.version: '10.0', java.version: '1.8.0_211'
Driver info: org.openqa.selenium.chrome.ChromeDriver
Capabilities {acceptInsecureCerts: false, browserName: chrome, browserVersion: 77.0.3865.75, chrome: {chromedriverVersion: 77.0.3865.10 (bc3579f611bbc..., userDataDir: C:\Users\ABHINA~1.SUT\AppDa...}, goog:chromeOptions: {debuggerAddress: localhost:52234}, javascriptEnabled: true, networkConnectionEnabled: false, pageLoadStrategy: normal, platform: XP, platformName: XP, proxy: Proxy(), setWindowRect: true, strictFileInteractability: false, timeouts: {implicit: 0, pageLoad: 300000, script: 30000}, unhandledPromptBehavior: dismiss and notify}
Session ID: 4cb6e058a333debaa934beb62bfbb48d
at sun.reflect.NativeConstructorAccessorImpl.newInstance0(Native Method)
at sun.reflect.NativeConstructorAccessorImpl.newInstance(Unknown Source)
at sun.reflect.DelegatingConstructorAccessorImpl.newInstance(Unknown Source)
at java.lang.reflect.Constructor.newInstance(Unknown Source)
at org.openqa.selenium.remote.http.W3CHttpResponseCodec.createException(W3CHttpResponseCodec.java:187)
at org.openqa.selenium.remote.http.W3CHttpResponseCodec.decode(W3CHttpResponseCodec.java:122)
at org.openqa.selenium.remote.http.W3CHttpResponseCodec.decode(W3CHttpResponseCodec.java:49)
at org.openqa.selenium.remote.HttpCommandExecutor.execute(HttpCommandExecutor.java:158)
at org.openqa.selenium.remote.service.DriverCommandExecutor.execute(DriverCommandExecutor.java:83)
at org.openqa.selenium.remote.RemoteWebDriver.execute(RemoteWebDriver.java:548)
at org.openqa.selenium.remote.RemoteWebElement.execute(RemoteWebElement.java:276)
at org.openqa.selenium.remote.RemoteWebElement.click(RemoteWebElement.java:83)
at com.uiFramework.abscompany.automation.testScripts.FoodCompanyAssignment.additem(FoodCompanyAssignment.java:37)
at sun.reflect.NativeMethodAccessorImpl.invoke0(Native Method)
at sun.reflect.NativeMethodAccessorImpl.invoke(Unknown Source)
at sun.reflect.DelegatingMethodAccessorImpl.invoke(Unknown Source)
at java.lang.reflect.Method.invoke(Unknown Source)
at org.testng.internal.MethodInvocationHelper.invokeMethod(MethodInvocationHelper.java:124)
at org.testng.internal.Invoker.invokeMethod(Invoker.java:583)
at org.testng.internal.Invoker.invokeTestMethod(Invoker.java:719)
at org.testng.internal.Invoker.invokeTestMethods(Invoker.java:989)
at org.testng.internal.TestMethodWorker.invokeTestMethods(TestMethodWorker.java:125)
at org.testng.internal.TestMethodWorker.run(TestMethodWorker.java:109)
at org.testng.TestRunner.privateRun(TestRunner.java:648)
at org.testng.TestRunner.run(TestRunner.java:505)
at org.testng.SuiteRunner.runTest(SuiteRunner.java:455)
at org.testng.SuiteRunner.runSequentially(SuiteRunner.java:450)
at org.testng.SuiteRunner.privateRun(SuiteRunner.java:415)
at org.testng.SuiteRunner.run(SuiteRunner.java:364)
at org.testng.SuiteRunnerWorker.runSuite(SuiteRunnerWorker.java:52)
at org.testng.SuiteRunnerWorker.run(SuiteRunnerWorker.java:84)
at org.testng.TestNG.runSuitesSequentially(TestNG.java:1208)
at org.testng.TestNG.runSuitesLocally(TestNG.java:1137)
at org.testng.TestNG.runSuites(TestNG.java:1049)
at org.testng.TestNG.run(TestNG.java:1017)
at org.testng.remote.AbstractRemoteTestNG.run(AbstractRemoteTestNG.java:115)
at org.testng.remote.RemoteTestNG.initAndRun(RemoteTestNG.java:251)
at org.testng.remote.RemoteTestNG.main(RemoteTestNG.java:77)
]]>
            </full-stacktrace>
          </exception> <!-- org.openqa.selenium.ElementClickInterceptedException -->
          <reporter-output>
          </reporter-output>
        </test-method> <!-- additem -->
        <test-method status="PASS" signature="afterMethod(org.testng.ITestResult)[pri:0, instance:com.uiFramework.abscompany.automation.testScripts.FoodCompanyAssignment@6e0e048a]" name="afterMethod" is-config="true" duration-ms="68" started-at="2019-09-17T18:51:43Z" finished-at="2019-09-17T18:51:43Z">
          <params>
            <param index="0">
              <value>
                <![CDATA[[TestResult name=additem status=FAILURE method=FoodCompanyAssignment.additem()[pri:4, instance:com.uiFramework.abscompany.automation.testScripts.FoodCompanyAssignment@6e0e048a] output={null}]]]>
              </value>
            </param>
          </params>
          <reporter-output>
          </reporter-output>
        </test-method> <!-- afterMethod -->
        <test-method status="PASS" signature="beforeMethod(java.lang.reflect.Method)[pri:0, instance:com.uiFramework.abscompany.automation.testScripts.FoodCompanyAssignment@6e0e048a]" name="beforeMethod" is-config="true" duration-ms="1" started-at="2019-09-17T18:51:43Z" finished-at="2019-09-17T18:51:43Z">
          <params>
            <param index="0">
              <value>
                <![CDATA[public void com.uiFramework.abscompany.automation.testScripts.FoodCompanyAssignment.addextra()]]>
              </value>
            </param>
          </params>
          <reporter-output>
          </reporter-output>
        </test-method> <!-- beforeMethod -->
        <test-method status="FAIL" signature="addextra()[pri:5, instance:com.uiFramework.abscompany.automation.testScripts.FoodCompanyAssignment@6e0e048a]" name="addextra" duration-ms="200030" started-at="2019-09-17T18:51:43Z" finished-at="2019-09-17T18:55:03Z">
          <exception class="org.openqa.selenium.NoSuchElementException">
            <message>
              <![CDATA[no such element: Unable to locate element: {"method":"xpath","selector":"//button[@id='topup-modal--close']"}
  (Session info: chrome=77.0.3865.75)
For documentation on this error, please visit: http://seleniumhq.org/exceptions/no_such_element.html
Build info: version: '3.14.0', revision: 'aacccce0', time: '2018-08-02T20:19:58.91Z'
System info: host: 'P5LAP-77PTMF2', ip: '192.168.2.5', os.name: 'Windows 10', os.arch: 'amd64', os.version: '10.0', java.version: '1.8.0_211'
Driver info: org.openqa.selenium.chrome.ChromeDriver
Capabilities {acceptInsecureCerts: false, browserName: chrome, browserVersion: 77.0.3865.75, chrome: {chromedriverVersion: 77.0.3865.10 (bc3579f611bbc..., userDataDir: C:\Users\ABHINA~1.SUT\AppDa...}, goog:chromeOptions: {debuggerAddress: localhost:52234}, javascriptEnabled: true, networkConnectionEnabled: false, pageLoadStrategy: normal, platform: XP, platformName: XP, proxy: Proxy(), setWindowRect: true, strictFileInteractability: false, timeouts: {implicit: 0, pageLoad: 300000, script: 30000}, unhandledPromptBehavior: dismiss and notify}
Session ID: 4cb6e058a333debaa934beb62bfbb48d
*** Element info: {Using=xpath, value=//button[@id='topup-modal--close']}]]>
            </message>
            <full-stacktrace>
              <![CDATA[org.openqa.selenium.NoSuchElementException: no such element: Unable to locate element: {"method":"xpath","selector":"//button[@id='topup-modal--close']"}
  (Session info: chrome=77.0.3865.75)
For documentation on this error, please visit: http://seleniumhq.org/exceptions/no_such_element.html
Build info: version: '3.14.0', revision: 'aacccce0', time: '2018-08-02T20:19:58.91Z'
System info: host: 'P5LAP-77PTMF2', ip: '192.168.2.5', os.name: 'Windows 10', os.arch: 'amd64', os.version: '10.0', java.version: '1.8.0_211'
Driver info: org.openqa.selenium.chrome.ChromeDriver
Capabilities {acceptInsecureCerts: false, browserName: chrome, browserVersion: 77.0.3865.75, chrome: {chromedriverVersion: 77.0.3865.10 (bc3579f611bbc..., userDataDir: C:\Users\ABHINA~1.SUT\AppDa...}, goog:chromeOptions: {debuggerAddress: localhost:52234}, javascriptEnabled: true, networkConnectionEnabled: false, pageLoadStrategy: normal, platform: XP, platformName: XP, proxy: Proxy(), setWindowRect: true, strictFileInteractability: false, timeouts: {implicit: 0, pageLoad: 300000, script: 30000}, unhandledPromptBehavior: dismiss and notify}
Session ID: 4cb6e058a333debaa934beb62bfbb48d
*** Element info: {Using=xpath, value=//button[@id='topup-modal--close']}
at sun.reflect.NativeConstructorAccessorImpl.newInstance0(Native Method)
at sun.reflect.NativeConstructorAccessorImpl.newInstance(Unknown Source)
at sun.reflect.DelegatingConstructorAccessorImpl.newInstance(Unknown Source)
at java.lang.reflect.Constructor.newInstance(Unknown Source)
at org.openqa.selenium.remote.http.W3CHttpResponseCodec.createException(W3CHttpResponseCodec.java:187)
at org.openqa.selenium.remote.http.W3CHttpResponseCodec.decode(W3CHttpResponseCodec.java:122)
at org.openqa.selenium.remote.http.W3CHttpResponseCodec.decode(W3CHttpResponseCodec.java:49)
at org.openqa.selenium.remote.HttpCommandExecutor.execute(HttpCommandExecutor.java:158)
at org.openqa.selenium.remote.service.DriverCommandExecutor.execute(DriverCommandExecutor.java:83)
at org.openqa.selenium.remote.RemoteWebDriver.execute(RemoteWebDriver.java:548)
at org.openqa.selenium.remote.RemoteWebDriver.findElement(RemoteWebDriver.java:322)
at org.openqa.selenium.remote.RemoteWebDriver.findElementByXPath(RemoteWebDriver.java:424)
at org.openqa.selenium.By$ByXPath.findElement(By.java:353)
at org.openqa.selenium.remote.RemoteWebDriver.findElement(RemoteWebDriver.java:314)
at com.uiFramework.abscompany.automation.testScripts.FoodCompanyAssignment.addextra(FoodCompanyAssignment.java:44)
at sun.reflect.NativeMethodAccessorImpl.invoke0(Native Method)
at sun.reflect.NativeMethodAccessorImpl.invoke(Unknown Source)
at sun.reflect.DelegatingMethodAccessorImpl.invoke(Unknown Source)
at java.lang.reflect.Method.invoke(Unknown Source)
at org.testng.internal.MethodInvocationHelper.invokeMethod(MethodInvocationHelper.java:124)
at org.testng.internal.Invoker.invokeMethod(Invoker.java:583)
at org.testng.internal.Invoker.invokeTestMethod(Invoker.java:719)
at org.testng.internal.Invoker.invokeTestMethods(Invoker.java:989)
at org.testng.internal.TestMethodWorker.invokeTestMethods(TestMethodWorker.java:125)
at org.testng.internal.TestMethodWorker.run(TestMethodWorker.java:109)
at org.testng.TestRunner.privateRun(TestRunner.java:648)
at org.testng.TestRunner.run(TestRunner.java:505)
at org.testng.SuiteRunner.runTest(SuiteRunner.java:455)
at org.testng.SuiteRunner.runSequentially(SuiteRunner.java:450)
at org.testng.SuiteRunner.privateRun(SuiteRunner.java:415)
at org.testng.SuiteRunner.run(SuiteRunner.java:364)
at org.testng.SuiteRunnerWorker.runSuite(SuiteRunnerWorker.java:52)
at org.testng.SuiteRunnerWorker.run(SuiteRunnerWorker.java:84)
at org.testng.TestNG.runSuitesSequentially(TestNG.java:1208)
at org.testng.TestNG.runSuitesLocally(TestNG.java:1137)
at org.testng.TestNG.runSuites(TestNG.java:1049)
at org.testng.TestNG.run(TestNG.java:1017)
at org.testng.remote.AbstractRemoteTestNG.run(AbstractRemoteTestNG.java:115)
at org.testng.remote.RemoteTestNG.initAndRun(RemoteTestNG.java:251)
at org.testng.remote.RemoteTestNG.main(RemoteTestNG.java:77)
]]>
            </full-stacktrace>
          </exception> <!-- org.openqa.selenium.NoSuchElementException -->
          <reporter-output>
          </reporter-output>
        </test-method> <!-- addextra -->
        <test-method status="PASS" signature="afterMethod(org.testng.ITestResult)[pri:0, instance:com.uiFramework.abscompany.automation.testScripts.FoodCompanyAssignment@6e0e048a]" name="afterMethod" is-config="true" duration-ms="46" started-at="2019-09-17T18:55:03Z" finished-at="2019-09-17T18:55:03Z">
          <params>
            <param index="0">
              <value>
                <![CDATA[[TestResult name=addextra status=FAILURE method=FoodCompanyAssignment.addextra()[pri:5, instance:com.uiFramework.abscompany.automation.testScripts.FoodCompanyAssignment@6e0e048a] output={null}]]]>
              </value>
            </param>
          </params>
          <reporter-output>
          </reporter-output>
        </test-method> <!-- afterMethod -->
      </class> <!-- com.uiFramework.abscompany.automation.testScripts.FoodCompanyAssignment -->
    </test> <!-- Default test -->
  </suite> <!-- Default suite -->
</testng-results>
